[2010-09-23 19-50-01] PHP Warning: DirectoryIterator::__construct(files/neco): failed to open dir: No such file or directory in /var/www/3dprojekce.fs.cvut.cz/app/FrontModule/presenters/WebPresenter.php:55
[2010-09-23 19-50-01] PHP Notice: Undefined variable: adresas in /var/www/3dprojekce.fs.cvut.cz/app/temp/c-Nette.Template/_FrontModule.templates.Web.foto.phtml-7b1b1089d43b5548ee7ad198def6db05.php:23
[2010-09-23 19-50-01] PHP Fatal error: Uncaught exception 'RuntimeException' with message 'Directory name must not be empty.' in /var/www/3dprojekce.fs.cvut.cz/app/temp/c-Nette.Template/_FrontModule.templates.Web.foto.phtml-7b1b1089d43b5548ee7ad198def6db05.php:23
[2010-09-23 20-10-29] PHP Warning: DirectoryIterator::__construct(files/neco): failed to open dir: No such file or directory in /var/www/3dprojekce.fs.cvut.cz/app/FrontModule/presenters/WebPresenter.php:55
[2010-09-23 20-10-29] PHP Notice: Undefined variable: adresas in /var/www/3dprojekce.fs.cvut.cz/app/temp/c-Nette.Template/_FrontModule.templates.Web.foto.phtml-7b1b1089d43b5548ee7ad198def6db05.php:23
[2010-09-23 20-10-29] PHP Fatal error: Uncaught exception 'RuntimeException' with message 'Directory name must not be empty.' in /var/www/3dprojekce.fs.cvut.cz/app/temp/c-Nette.Template/_FrontModule.templates.Web.foto.phtml-7b1b1089d43b5548ee7ad198def6db05.php:23
[2010-09-23 20-10-31] PHP Warning: DirectoryIterator::__construct(files/neco): failed to open dir: No such file or directory in /var/www/3dprojekce.fs.cvut.cz/app/FrontModule/presenters/WebPresenter.php:55
[2010-09-23 20-10-31] PHP Notice: Undefined variable: adresas in /var/www/3dprojekce.fs.cvut.cz/app/temp/c-Nette.Template/_FrontModule.templates.Web.foto.phtml-7b1b1089d43b5548ee7ad198def6db05.php:23
[2010-09-23 20-10-31] PHP Fatal error: Uncaught exception 'RuntimeException' with message 'Directory name must not be empty.' in /var/www/3dprojekce.fs.cvut.cz/app/temp/c-Nette.Template/_FrontModule.templates.Web.foto.phtml-7b1b1089d43b5548ee7ad198def6db05.php:23
[2010-09-23 20-10-31] PHP Warning: DirectoryIterator::__construct(files/neco): failed to open dir: No such file or directory in /var/www/3dprojekce.fs.cvut.cz/app/FrontModule/presenters/WebPresenter.php:55
[2010-09-23 20-10-31] PHP Notice: Undefined variable: adresas in /var/www/3dprojekce.fs.cvut.cz/app/temp/c-Nette.Template/_FrontModule.templates.Web.foto.phtml-7b1b1089d43b5548ee7ad198def6db05.php:23
[2010-09-23 20-10-31] PHP Fatal error: Uncaught exception 'RuntimeException' with message 'Directory name must not be empty.' in /var/www/3dprojekce.fs.cvut.cz/app/temp/c-Nette.Template/_FrontModule.templates.Web.foto.phtml-7b1b1089d43b5548ee7ad198def6db05.php:23
[2010-09-23 20-10-32] PHP Warning: DirectoryIterator::__construct(files/neco): failed to open dir: No such file or directory in /var/www/3dprojekce.fs.cvut.cz/app/FrontModule/presenters/WebPresenter.php:55
[2010-09-23 20-10-32] PHP Notice: Undefined variable: adresas in /var/www/3dprojekce.fs.cvut.cz/app/temp/c-Nette.Template/_FrontModule.templates.Web.foto.phtml-7b1b1089d43b5548ee7ad198def6db05.php:23
[2010-09-23 20-10-32] PHP Fatal error: Uncaught exception 'RuntimeException' with message 'Directory name must not be empty.' in /var/www/3dprojekce.fs.cvut.cz/app/temp/c-Nette.Template/_FrontModule.templates.Web.foto.phtml-7b1b1089d43b5548ee7ad198def6db05.php:23
[2010-09-23 20-10-32] PHP Warning: DirectoryIterator::__construct(files/neco): failed to open dir: No such file or directory in /var/www/3dprojekce.fs.cvut.cz/app/FrontModule/presenters/WebPresenter.php:55
[2010-09-23 20-10-32] PHP Notice: Undefined variable: adresas in /var/www/3dprojekce.fs.cvut.cz/app/temp/c-Nette.Template/_FrontModule.templates.Web.foto.phtml-7b1b1089d43b5548ee7ad198def6db05.php:23
[2010-09-23 20-10-32] PHP Fatal error: Uncaught exception 'RuntimeException' with message 'Directory name must not be empty.' in /var/www/3dprojekce.fs.cvut.cz/app/temp/c-Nette.Template/_FrontModule.templates.Web.foto.phtml-7b1b1089d43b5548ee7ad198def6db05.php:23
[2010-09-23 20-10-32] PHP Warning: DirectoryIterator::__construct(files/neco): failed to open dir: No such file or directory in /var/www/3dprojekce.fs.cvut.cz/app/FrontModule/presenters/WebPresenter.php:55
[2010-09-23 20-10-32] PHP Notice: Undefined variable: adresas in /var/www/3dprojekce.fs.cvut.cz/app/temp/c-Nette.Template/_FrontModule.templates.Web.foto.phtml-7b1b1089d43b5548ee7ad198def6db05.php:23
[2010-09-23 20-10-32] PHP Fatal error: Uncaught exception 'RuntimeException' with message 'Directory name must not be empty.' in /var/www/3dprojekce.fs.cvut.cz/app/temp/c-Nette.Template/_FrontModule.templates.Web.foto.phtml-7b1b1089d43b5548ee7ad198def6db05.php:23
[2010-09-23 20-10-45] PHP Warning: DirectoryIterator::__construct(files/neco): failed to open dir: No such file or directory in /var/www/3dprojekce.fs.cvut.cz/app/FrontModule/presenters/WebPresenter.php:55
[2010-09-23 20-10-45] PHP Notice: Undefined variable: adresas in /var/www/3dprojekce.fs.cvut.cz/app/temp/c-Nette.Template/_FrontModule.templates.Web.foto.phtml-7b1b1089d43b5548ee7ad198def6db05.php:23
[2010-09-23 20-10-45] PHP Fatal error: Uncaught exception 'RuntimeException' with message 'Directory name must not be empty.' in /var/www/3dprojekce.fs.cvut.cz/app/temp/c-Nette.Template/_FrontModule.templates.Web.foto.phtml-7b1b1089d43b5548ee7ad198def6db05.php:23
[2010-09-23 20-10-48] PHP Warning: DirectoryIterator::__construct(files/neco): failed to open dir: No such file or directory in /var/www/3dprojekce.fs.cvut.cz/app/FrontModule/presenters/WebPresenter.php:55
[2010-09-23 20-10-48] PHP Notice: Undefined variable: adresas in /var/www/3dprojekce.fs.cvut.cz/app/temp/c-Nette.Template/_FrontModule.templates.Web.foto.phtml-7b1b1089d43b5548ee7ad198def6db05.php:23
[2010-09-23 20-10-48] PHP Fatal error: Uncaught exception 'RuntimeException' with message 'Directory name must not be empty.' in /var/www/3dprojekce.fs.cvut.cz/app/temp/c-Nette.Template/_FrontModule.templates.Web.foto.phtml-7b1b1089d43b5548ee7ad198def6db05.php:23
[2010-09-23 20-11-06] PHP Warning: DirectoryIterator::__construct(files/neco): failed to open dir: No such file or directory in /var/www/3dprojekce.fs.cvut.cz/app/FrontModule/presenters/WebPresenter.php:55
[2010-09-23 20-11-06] PHP Notice: Undefined variable: adresas in /var/www/3dprojekce.fs.cvut.cz/app/temp/c-Nette.Template/_FrontModule.templates.Web.foto.phtml-7b1b1089d43b5548ee7ad198def6db05.php:23
[2010-09-23 20-11-06] PHP Fatal error: Uncaught exception 'RuntimeException' with message 'Directory name must not be empty.' in /var/www/3dprojekce.fs.cvut.cz/app/temp/c-Nette.Template/_FrontModule.templates.Web.foto.phtml-7b1b1089d43b5548ee7ad198def6db05.php:23
[2010-09-23 20-11-49] PHP Warning: User::getSignOutReason() is deprecated; use getLogoutReason() instead. in /var/www/3dprojekce.fs.cvut.cz/libs/Nette/Web/User.php:454
[2010-09-23 20-11-50] PHP Warning: User::authenticate() is deprecated; use login() instead. in /var/www/3dprojekce.fs.cvut.cz/libs/Nette/Web/User.php:436
[2010-09-23 20-11-50] PHP Notice: Undefined variable: title in /var/www/3dprojekce.fs.cvut.cz/app/temp/c-Nette.Template/_AdminModule.templates._layout.phtml-89c2ded1273242a36e1c37e327480641.php:92
[2010-09-23 22-53-11] PHP Warning: User::getSignOutReason() is deprecated; use getLogoutReason() instead. in /var/www/3dprojekce.fs.cvut.cz/libs/Nette/Web/User.php:454
[2010-09-23 22-53-13] PHP Warning: User::authenticate() is deprecated; use login() instead. in /var/www/3dprojekce.fs.cvut.cz/libs/Nette/Web/User.php:436
[2010-09-23 22-53-13] PHP Notice: Undefined variable: title in /var/www/3dprojekce.fs.cvut.cz/app/temp/c-Nette.Template/_AdminModule.templates._layout.phtml-89c2ded1273242a36e1c37e327480641.php:92
[2010-09-23 23-18-03] PHP Notice: Undefined variable: title in /var/www/3dprojekce.fs.cvut.cz/app/temp/c-Nette.Template/_AdminModule.templates._layout.phtml-89c2ded1273242a36e1c37e327480641.php:92
[2010-09-23 23-19-34] PHP Notice: Undefined variable: title in /var/www/3dprojekce.fs.cvut.cz/app/temp/c-Nette.Template/_AdminModule.templates._layout.phtml-89c2ded1273242a36e1c37e327480641.php:92
[2010-09-24 00-05-41] PHP Notice: Undefined variable: title in /var/www/3dprojekce.fs.cvut.cz/app/temp/c-Nette.Template/_AdminModule.templates._layout.phtml-89c2ded1273242a36e1c37e327480641.php:92
[2010-09-27 08-09-30] PHP Warning: User::getSignOutReason() is deprecated; use getLogoutReason() instead. in /var/www/3dprojekce.fs.cvut.cz/libs/Nette/Web/User.php:454
[2010-09-27 08-09-32] PHP Warning: User::authenticate() is deprecated; use login() instead. in /var/www/3dprojekce.fs.cvut.cz/libs/Nette/Web/User.php:436
[2010-09-27 08-09-32] PHP Notice: Undefined variable: title in /var/www/3dprojekce.fs.cvut.cz/app/temp/c-Nette.Template/_AdminModule.templates._layout.phtml-89c2ded1273242a36e1c37e327480641.php:92
[2010-09-27 19-31-42] PHP Warning: User::getSignOutReason() is deprecated; use getLogoutReason() instead. in /var/www/3dprojekce.fs.cvut.cz/libs/Nette/Web/User.php:454
[2010-09-27 19-31-47] PHP Warning: User::authenticate() is deprecated; use login() instead. in /var/www/3dprojekce.fs.cvut.cz/libs/Nette/Web/User.php:436
[2010-09-27 19-31-47] PHP Notice: Undefined variable: title in /var/www/3dprojekce.fs.cvut.cz/app/temp/c-Nette.Template/_AdminModule.templates._layout.phtml-89c2ded1273242a36e1c37e327480641.php:92
[2010-09-27 19-31-55] PHP Warning: User::signOut() is deprecated; use logout() instead. in /var/www/3dprojekce.fs.cvut.cz/libs/Nette/Web/User.php:442
[2010-09-27 19-40-34] PHP Warning: User::getSignOutReason() is deprecated; use getLogoutReason() instead. in /var/www/3dprojekce.fs.cvut.cz/libs/Nette/Web/User.php:454
[2010-09-27 19-40-36] PHP Warning: User::authenticate() is deprecated; use login() instead. in /var/www/3dprojekce.fs.cvut.cz/libs/Nette/Web/User.php:436
[2010-09-27 19-40-36] PHP Notice: Undefined variable: title in /var/www/3dprojekce.fs.cvut.cz/app/temp/c-Nette.Template/_AdminModule.templates._layout.phtml-89c2ded1273242a36e1c37e327480641.php:92
[2010-09-27 19-40-39] PHP Warning: User::signOut() is deprecated; use logout() instead. in /var/www/3dprojekce.fs.cvut.cz/libs/Nette/Web/User.php:442
[2010-09-28 00-31-06] PHP Warning: User::getSignOutReason() is deprecated; use getLogoutReason() instead. in /var/www/3dprojekce.fs.cvut.cz/libs/Nette/Web/User.php:454
[2010-09-29 01-22-26] PHP Warning: User::getSignOutReason() is deprecated; use getLogoutReason() instead. in /var/www/3dprojekce.fs.cvut.cz/libs/Nette/Web/User.php:454
[2010-09-29 10-34-58] PHP Warning: User::getSignOutReason() is deprecated; use getLogoutReason() instead. in /var/www/3dprojekce.fs.cvut.cz/libs/Nette/Web/User.php:454
[2010-09-29 10-36-01] PHP Warning: User::authenticate() is deprecated; use login() instead. in /var/www/3dprojekce.fs.cvut.cz/libs/Nette/Web/User.php:436
[2010-09-29 10-36-01] PHP Notice: Undefined variable: title in /var/www/3dprojekce.fs.cvut.cz/app/temp/c-Nette.Template/_AdminModule.templates._layout.phtml-89c2ded1273242a36e1c37e327480641.php:92
[2010-09-29 13-11-49] PHP Warning: User::getSignOutReason() is deprecated; use getLogoutReason() instead. in /var/www/3dprojekce.fs.cvut.cz/libs/Nette/Web/User.php:454
[2010-09-29 13-12-39] PHP Warning: User::authenticate() is deprecated; use login() instead. in /var/www/3dprojekce.fs.cvut.cz/libs/Nette/Web/User.php:436
[2010-09-29 13-12-42] PHP Warning: User::authenticate() is deprecated; use login() instead. in /var/www/3dprojekce.fs.cvut.cz/libs/Nette/Web/User.php:436
[2010-09-29 13-12-42] PHP Notice: Undefined variable: title in /var/www/3dprojekce.fs.cvut.cz/app/temp/c-Nette.Template/_AdminModule.templates._layout.phtml-89c2ded1273242a36e1c37e327480641.php:92
[2010-09-29 13-21-01] PHP Notice: Undefined variable: title in /var/www/3dprojekce.fs.cvut.cz/app/temp/c-Nette.Template/_AdminModule.templates._layout.phtml-89c2ded1273242a36e1c37e327480641.php:92
[2010-09-29 13-22-55] PHP Notice: Undefined variable: title in /var/www/3dprojekce.fs.cvut.cz/app/temp/c-Nette.Template/_AdminModule.templates._layout.phtml-89c2ded1273242a36e1c37e327480641.php:92
[2010-09-29 13-23-02] PHP Notice: Undefined variable: title in /var/www/3dprojekce.fs.cvut.cz/app/temp/c-Nette.Template/_AdminModule.templates._layout.phtml-89c2ded1273242a36e1c37e327480641.php:92
[2010-09-29 13-23-35] PHP Warning: User::getSignOutReason() is deprecated; use getLogoutReason() instead. in /var/www/3dprojekce.fs.cvut.cz/libs/Nette/Web/User.php:454
[2010-09-29 13-23-52] PHP Warning: User::authenticate() is deprecated; use login() instead. in /var/www/3dprojekce.fs.cvut.cz/libs/Nette/Web/User.php:436
[2010-09-29 13-23-52] PHP Notice: Undefined variable: title in /var/www/3dprojekce.fs.cvut.cz/app/temp/c-Nette.Template/_AdminModule.templates._layout.phtml-89c2ded1273242a36e1c37e327480641.php:92
[2010-09-29 13-24-01] PHP Notice: Undefined variable: title in /var/www/3dprojekce.fs.cvut.cz/app/temp/c-Nette.Template/_AdminModule.templates._layout.phtml-89c2ded1273242a36e1c37e327480641.php:92
[2010-09-29 13-24-10] PHP Warning: User::signOut() is deprecated; use logout() instead. in /var/www/3dprojekce.fs.cvut.cz/libs/Nette/Web/User.php:442
[2010-09-29 13-24-32] PHP Warning: User::authenticate() is deprecated; use login() instead. in /var/www/3dprojekce.fs.cvut.cz/libs/Nette/Web/User.php:436
[2010-09-29 13-24-39] PHP Warning: User::authenticate() is deprecated; use login() instead. in /var/www/3dprojekce.fs.cvut.cz/libs/Nette/Web/User.php:436
[2010-09-29 13-24-52] PHP Warning: User::authenticate() is deprecated; use login() instead. in /var/www/3dprojekce.fs.cvut.cz/libs/Nette/Web/User.php:436
[2010-09-29 13-24-52] PHP Notice: Undefined variable: title in /var/www/3dprojekce.fs.cvut.cz/app/temp/c-Nette.Template/_AdminModule.templates._layout.phtml-89c2ded1273242a36e1c37e327480641.php:92
[2010-09-29 13-24-59] PHP Notice: Undefined variable: title in /var/www/3dprojekce.fs.cvut.cz/app/temp/c-Nette.Template/_AdminModule.templates._layout.phtml-89c2ded1273242a36e1c37e327480641.php:92
[2010-09-29 13-25-00] PHP Notice: Undefined variable: title in /var/www/3dprojekce.fs.cvut.cz/app/temp/c-Nette.Template/_AdminModule.templates._layout.phtml-89c2ded1273242a36e1c37e327480641.php:92
[2010-09-29 13-25-02] PHP Notice: Undefined variable: title in /var/www/3dprojekce.fs.cvut.cz/app/temp/c-Nette.Template/_AdminModule.templates._layout.phtml-89c2ded1273242a36e1c37e327480641.php:92
[2010-09-29 13-25-03] PHP Notice: Undefined variable: title in /var/www/3dprojekce.fs.cvut.cz/app/temp/c-Nette.Template/_AdminModule.templates._layout.phtml-89c2ded1273242a36e1c37e327480641.php:92
[2010-09-29 13-25-05] PHP Notice: Undefined variable: title in /var/www/3dprojekce.fs.cvut.cz/app/temp/c-Nette.Template/_AdminModule.templates._layout.phtml-89c2ded1273242a36e1c37e327480641.php:92
[2010-09-29 13-25-08] PHP Notice: Undefined variable: title in /var/www/3dprojekce.fs.cvut.cz/app/temp/c-Nette.Template/_AdminModule.templates._layout.phtml-89c2ded1273242a36e1c37e327480641.php:92
[2010-09-29 13-25-10] PHP Notice: Undefined variable: title in /var/www/3dprojekce.fs.cvut.cz/app/temp/c-Nette.Template/_AdminModule.templates._layout.phtml-89c2ded1273242a36e1c37e327480641.php:92
[2010-09-29 13-25-12] PHP Notice: Undefined variable: title in /var/www/3dprojekce.fs.cvut.cz/app/temp/c-Nette.Template/_AdminModule.templates._layout.phtml-89c2ded1273242a36e1c37e327480641.php:92
[2010-09-29 13-25-12] PHP Notice: Undefined variable: title in /var/www/3dprojekce.fs.cvut.cz/app/temp/c-Nette.Template/_AdminModule.templates._layout.phtml-89c2ded1273242a36e1c37e327480641.php:92
[2010-09-29 13-26-18] PHP Notice: Undefined variable: title in /var/www/3dprojekce.fs.cvut.cz/app/temp/c-Nette.Template/_AdminModule.templates._layout.phtml-89c2ded1273242a36e1c37e327480641.php:92
[2010-09-29 13-26-19] PHP Notice: Undefined variable: title in /var/www/3dprojekce.fs.cvut.cz/app/temp/c-Nette.Template/_AdminModule.templates._layout.phtml-89c2ded1273242a36e1c37e327480641.php:92
[2010-09-29 13-26-20] PHP Notice: Undefined variable: title in /var/www/3dprojekce.fs.cvut.cz/app/temp/c-Nette.Template/_AdminModule.templates._layout.phtml-89c2ded1273242a36e1c37e327480641.php:92
[2010-09-29 13-26-23] PHP Notice: Undefined variable: title in /var/www/3dprojekce.fs.cvut.cz/app/temp/c-Nette.Template/_AdminModule.templates._layout.phtml-89c2ded1273242a36e1c37e327480641.php:92
[2010-09-29 13-26-28] PHP Notice: Undefined variable: title in /var/www/3dprojekce.fs.cvut.cz/app/temp/c-Nette.Template/_AdminModule.templates._layout.phtml-89c2ded1273242a36e1c37e327480641.php:92
[2010-09-29 13-26-30] PHP Notice: Undefined variable: title in /var/www/3dprojekce.fs.cvut.cz/app/temp/c-Nette.Template/_AdminModule.templates._layout.phtml-89c2ded1273242a36e1c37e327480641.php:92
[2010-09-29 13-26-30] PHP Notice: Undefined variable: title in /var/www/3dprojekce.fs.cvut.cz/app/temp/c-Nette.Template/_AdminModule.templates._layout.phtml-89c2ded1273242a36e1c37e327480641.php:92
[2010-09-29 13-26-38] PHP Notice: Undefined variable: title in /var/www/3dprojekce.fs.cvut.cz/app/temp/c-Nette.Template/_AdminModule.templates._layout.phtml-89c2ded1273242a36e1c37e327480641.php:92
[2010-09-29 13-26-45] PHP Notice: Undefined variable: title in /var/www/3dprojekce.fs.cvut.cz/app/temp/c-Nette.Template/_AdminModule.templates._layout.phtml-89c2ded1273242a36e1c37e327480641.php:92
[2010-09-29 13-26-46] PHP Notice: Undefined variable: title in /var/www/3dprojekce.fs.cvut.cz/app/temp/c-Nette.Template/_AdminModule.templates._layout.phtml-89c2ded1273242a36e1c37e327480641.php:92
[2010-09-29 13-26-47] PHP Notice: Undefined variable: title in /var/www/3dprojekce.fs.cvut.cz/app/temp/c-Nette.Template/_AdminModule.templates._layout.phtml-89c2ded1273242a36e1c37e327480641.php:92
[2010-09-29 13-26-47] PHP Notice: Undefined variable: title in /var/www/3dprojekce.fs.cvut.cz/app/temp/c-Nette.Template/_AdminModule.templates._layout.phtml-89c2ded1273242a36e1c37e327480641.php:92
[2010-09-29 13-26-48] PHP Notice: Undefined variable: title in /var/www/3dprojekce.fs.cvut.cz/app/temp/c-Nette.Template/_AdminModule.templates._layout.phtml-89c2ded1273242a36e1c37e327480641.php:92
[2010-09-29 13-27-36] PHP Notice: Undefined variable: title in /var/www/3dprojekce.fs.cvut.cz/app/temp/c-Nette.Template/_AdminModule.templates._layout.phtml-89c2ded1273242a36e1c37e327480641.php:92
[2010-09-29 13-28-07] PHP Notice: Undefined variable: title in /var/www/3dprojekce.fs.cvut.cz/app/temp/c-Nette.Template/_AdminModule.templates._layout.phtml-89c2ded1273242a36e1c37e327480641.php:92
[2010-09-29 13-28-09] PHP Notice: Undefined variable: title in /var/www/3dprojekce.fs.cvut.cz/app/temp/c-Nette.Template/_AdminModule.templates._layout.phtml-89c2ded1273242a36e1c37e327480641.php:92
[2010-09-29 13-28-11] PHP Notice: Undefined variable: title in /var/www/3dprojekce.fs.cvut.cz/app/temp/c-Nette.Template/_AdminModule.templates._layout.phtml-89c2ded1273242a36e1c37e327480641.php:92
[2010-09-29 13-28-12] PHP Notice: Undefined variable: title in /var/www/3dprojekce.fs.cvut.cz/app/temp/c-Nette.Template/_AdminModule.templates._layout.phtml-89c2ded1273242a36e1c37e327480641.php:92
[2010-09-29 13-28-14] PHP Notice: Undefined variable: title in /var/www/3dprojekce.fs.cvut.cz/app/temp/c-Nette.Template/_AdminModule.templates._layout.phtml-89c2ded1273242a36e1c37e327480641.php:92
[2010-09-29 13-28-18] PHP Notice: Undefined variable: title in /var/www/3dprojekce.fs.cvut.cz/app/temp/c-Nette.Template/_AdminModule.templates._layout.phtml-89c2ded1273242a36e1c37e327480641.php:92
[2010-09-29 13-28-19] PHP Notice: Undefined variable: title in /var/www/3dprojekce.fs.cvut.cz/app/temp/c-Nette.Template/_AdminModule.templates._layout.phtml-89c2ded1273242a36e1c37e327480641.php:92
[2010-09-29 13-28-44] PHP Notice: Undefined variable: title in /var/www/3dprojekce.fs.cvut.cz/app/temp/c-Nette.Template/_AdminModule.templates._layout.phtml-89c2ded1273242a36e1c37e327480641.php:92
[2010-09-29 14-03-29] PHP Notice: Undefined variable: title in /var/www/3dprojekce.fs.cvut.cz/app/temp/c-Nette.Template/_AdminModule.templates._layout.phtml-89c2ded1273242a36e1c37e327480641.php:92
[2010-09-29 14-03-32] PHP Notice: Undefined variable: title in /var/www/3dprojekce.fs.cvut.cz/app/temp/c-Nette.Template/_AdminModule.templates._layout.phtml-89c2ded1273242a36e1c37e327480641.php:92
[2010-09-29 14-03-35] PHP Notice: Undefined variable: title in /var/www/3dprojekce.fs.cvut.cz/app/temp/c-Nette.Template/_AdminModule.templates._layout.phtml-89c2ded1273242a36e1c37e327480641.php:92
[2010-09-29 14-21-23] PHP Notice: Undefined variable: title in /var/www/3dprojekce.fs.cvut.cz/app/temp/c-Nette.Template/_AdminModule.templates._layout.phtml-89c2ded1273242a36e1c37e327480641.php:92
[2010-09-29 15-09-28] PHP Warning: User::getSignOutReason() is deprecated; use getLogoutReason() instead. in /var/www/3dprojekce.fs.cvut.cz/libs/Nette/Web/User.php:454
[2010-09-29 15-09-42] PHP Fatal error: Uncaught exception 'BadRequestException' with message 'Page not found. Missing template '…/AdminModule/templates/Auth/default.phtml'.' in /var/www/3dprojekce.fs.cvut.cz/libs/Nette/Application/Presenter.php:428
[2010-09-29 15-09-50] PHP Fatal error: Uncaught exception 'BadRequestException' with message 'Cannot load presenter 'Admin', class 'AdminPresenter' was not found in '/var/www/3dprojekce.fs.cvut.cz/app/presenters/AdminPresenter.php'.' in /var/www/3dprojekce.fs.cvut.cz/libs/Nette/Application/Application.php:142
[2010-09-29 15-09-55] PHP Warning: User::getSignOutReason() is deprecated; use getLogoutReason() instead. in /var/www/3dprojekce.fs.cvut.cz/libs/Nette/Web/User.php:454
[2010-09-29 19-00-11] PHP Warning: User::getSignOutReason() is deprecated; use getLogoutReason() instead. in /var/www/3dprojekce.fs.cvut.cz/libs/Nette/Web/User.php:454
[2010-09-29 19-00-26] PHP Warning: User::authenticate() is deprecated; use login() instead. in /var/www/3dprojekce.fs.cvut.cz/libs/Nette/Web/User.php:436
[2010-09-29 19-00-31] PHP Warning: User::authenticate() is deprecated; use login() instead. in /var/www/3dprojekce.fs.cvut.cz/libs/Nette/Web/User.php:436
[2010-09-29 19-00-31] PHP Notice: Undefined variable: title in /var/www/3dprojekce.fs.cvut.cz/app/temp/c-Nette.Template/_AdminModule.templates._layout.phtml-89c2ded1273242a36e1c37e327480641.php:92
[2010-09-29 19-04-00] PHP Notice: Undefined variable: title in /var/www/3dprojekce.fs.cvut.cz/app/temp/c-Nette.Template/_AdminModule.templates._layout.phtml-89c2ded1273242a36e1c37e327480641.php:92
[2010-09-30 07-41-51] PHP Warning: User::getSignOutReason() is deprecated; use getLogoutReason() instead. in /var/www/3dprojekce.fs.cvut.cz/libs/Nette/Web/User.php:454
[2010-09-30 07-42-10] PHP Warning: User::authenticate() is deprecated; use login() instead. in /var/www/3dprojekce.fs.cvut.cz/libs/Nette/Web/User.php:436
[2010-09-30 07-42-17] PHP Warning: User::authenticate() is deprecated; use login() instead. in /var/www/3dprojekce.fs.cvut.cz/libs/Nette/Web/User.php:436
[2010-09-30 07-42-17] PHP Notice: Undefined variable: title in /var/www/3dprojekce.fs.cvut.cz/app/temp/c-Nette.Template/_AdminModule.templates._layout.phtml-89c2ded1273242a36e1c37e327480641.php:92
[2010-09-30 15-33-05] PHP Warning: User::getSignOutReason() is deprecated; use getLogoutReason() instead. in /var/www/3dprojekce.fs.cvut.cz/libs/Nette/Web/User.php:454
[2010-09-30 15-39-32] PHP Warning: User::getSignOutReason() is deprecated; use getLogoutReason() instead. in /var/www/3dprojekce.fs.cvut.cz/libs/Nette/Web/User.php:454
[2010-09-30 15-54-31] PHP Warning: User::getSignOutReason() is deprecated; use getLogoutReason() instead. in /var/www/3dprojekce.fs.cvut.cz/libs/Nette/Web/User.php:454
[2010-09-30 16-44-59] PHP Fatal error: Uncaught exception 'BadRequestException' with message 'Cannot load presenter 'Web', class 'WebPresenter' was not found in '/var/www/3dprojekce.fs.cvut.cz/app/presenters/WebPresenter.php'.' in /var/www/3dprojekce.fs.cvut.cz/libs/Nette/Application/Application.php:142
[2010-09-30 16-45-03] PHP Fatal error: Uncaught exception 'BadRequestException' with message 'Cannot load presenter 'Web', class 'WebPresenter' was not found in '/var/www/3dprojekce.fs.cvut.cz/app/presenters/WebPresenter.php'.' in /var/www/3dprojekce.fs.cvut.cz/libs/Nette/Application/Application.php:142
[2010-09-30 16-45-04] PHP Fatal error: Uncaught exception 'BadRequestException' with message 'Cannot load presenter 'Web', class 'WebPresenter' was not found in '/var/www/3dprojekce.fs.cvut.cz/app/presenters/WebPresenter.php'.' in /var/www/3dprojekce.fs.cvut.cz/libs/Nette/Application/Application.php:142
[2010-09-30 16-45-05] PHP Fatal error: Uncaught exception 'BadRequestException' with message 'Cannot load presenter 'Web', class 'WebPresenter' was not found in '/var/www/3dprojekce.fs.cvut.cz/app/presenters/WebPresenter.php'.' in /var/www/3dprojekce.fs.cvut.cz/libs/Nette/Application/Application.php:142
[2010-09-30 16-45-06] PHP Fatal error: Uncaught exception 'BadRequestException' with message 'Cannot load presenter 'Web', class 'WebPresenter' was not found in '/var/www/3dprojekce.fs.cvut.cz/app/presenters/WebPresenter.php'.' in /var/www/3dprojekce.fs.cvut.cz/libs/Nette/Application/Application.php:142
[2010-09-30 16-45-07] PHP Fatal error: Uncaught exception 'BadRequestException' with message 'Cannot load presenter 'Web', class 'WebPresenter' was not found in '/var/www/3dprojekce.fs.cvut.cz/app/presenters/WebPresenter.php'.' in /var/www/3dprojekce.fs.cvut.cz/libs/Nette/Application/Application.php:142
[2010-09-30 16-47-13] PHP Warning: User::getSignOutReason() is deprecated; use getLogoutReason() instead. in /var/www/3dprojekce.fs.cvut.cz/libs/Nette/Web/User.php:454
[2010-09-30 16-47-18] PHP Warning: User::getSignOutReason() is deprecated; use getLogoutReason() instead. in /var/www/3dprojekce.fs.cvut.cz/libs/Nette/Web/User.php:454
[2010-09-30 16-47-39] PHP Warning: User::getSignOutReason() is deprecated; use getLogoutReason() instead. in /var/www/3dprojekce.fs.cvut.cz/libs/Nette/Web/User.php:454
[2010-09-30 16-48-01] PHP Fatal error: Uncaught exception 'BadRequestException' with message 'Cannot load presenter 'Front:Auth', class 'Front_AuthPresenter' was not found in '/var/www/3dprojekce.fs.cvut.cz/app/FrontModule/presenters/AuthPresenter.php'.' in /var/www/3dprojekce.fs.cvut.cz/libs/Nette/Application/Application.php:142
[2010-09-30 16-48-54] PHP Notice: Undefined variable: menu in /var/www/3dprojekce.fs.cvut.cz/app/temp/c-Nette.Template/_FrontModule.templates._layout.phtml-2fb37c57908c02d24c700cdc6c5a589b.php:40
[2010-09-30 16-48-54] PHP Fatal error: Uncaught exception 'InvalidArgumentException' with message 'Invalid argument passed to foreach resp. SmartCachingIterator; array or Traversable expected, NULL given.' in /var/www/3dprojekce.fs.cvut.cz/libs/Nette/iterators/SmartCachingIterator.php:48
[2010-09-30 16-48-56] PHP Notice: Undefined variable: menu in /var/www/3dprojekce.fs.cvut.cz/app/temp/c-Nette.Template/_FrontModule.templates._layout.phtml-2fb37c57908c02d24c700cdc6c5a589b.php:40
[2010-09-30 16-48-56] PHP Fatal error: Uncaught exception 'InvalidArgumentException' with message 'Invalid argument passed to foreach resp. SmartCachingIterator; array or Traversable expected, NULL given.' in /var/www/3dprojekce.fs.cvut.cz/libs/Nette/iterators/SmartCachingIterator.php:48
[2010-09-30 16-49-43] PHP Notice: Undefined variable: menu in /var/www/3dprojekce.fs.cvut.cz/app/temp/c-Nette.Template/_FrontModule.templates._layout.phtml-2fb37c57908c02d24c700cdc6c5a589b.php:40
[2010-09-30 16-49-43] PHP Fatal error: Uncaught exception 'InvalidArgumentException' with message 'Invalid argument passed to foreach resp. SmartCachingIterator; array or Traversable expected, NULL given.' in /var/www/3dprojekce.fs.cvut.cz/libs/Nette/iterators/SmartCachingIterator.php:48
[2010-09-30 16-49-56] PHP Fatal error: Uncaught exception 'BadRequestException' with message 'Cannot load presenter 'Front:Admin:Default', class 'Front_Admin_DefaultPresenter' was not found in '/var/www/3dprojekce.fs.cvut.cz/app/FrontModule/AdminModule/presenters/DefaultPresenter.php'.' in /var/www/3dprojekce.fs.cvut.cz/libs/Nette/Application/Application.php:142
[2010-09-30 16-50-00] PHP Fatal error: Uncaught exception 'BadRequestException' with message 'Cannot load presenter 'Front:Admin:Default', class 'Front_Admin_DefaultPresenter' was not found in '/var/www/3dprojekce.fs.cvut.cz/app/FrontModule/AdminModule/presenters/DefaultPresenter.php'.' in /var/www/3dprojekce.fs.cvut.cz/libs/Nette/Application/Application.php:142
[2010-09-30 16-50-02] PHP Fatal error: Uncaught exception 'BadRequestException' with message 'Cannot load presenter 'Front:Admin:Default', class 'Front_Admin_DefaultPresenter' was not found in '/var/www/3dprojekce.fs.cvut.cz/app/FrontModule/AdminModule/presenters/DefaultPresenter.php'.' in /var/www/3dprojekce.fs.cvut.cz/libs/Nette/Application/Application.php:142
[2010-09-30 16-51-20] PHP Fatal error: Uncaught exception 'BadRequestException' with message 'Invalid request.' in /var/www/3dprojekce.fs.cvut.cz/libs/Nette/Application/Application.php:129
[2010-09-30 16-51-22] PHP Fatal error: Uncaught exception 'BadRequestException' with message 'Invalid request.' in /var/www/3dprojekce.fs.cvut.cz/libs/Nette/Application/Application.php:129
[2010-09-30 16-51-34] PHP Warning: User::getSignOutReason() is deprecated; use getLogoutReason() instead. in /var/www/3dprojekce.fs.cvut.cz/libs/Nette/Web/User.php:454
[2010-09-30 16-52-03] PHP Warning: User::getSignOutReason() is deprecated; use getLogoutReason() instead. in /var/www/3dprojekce.fs.cvut.cz/libs/Nette/Web/User.php:454
[2010-09-30 16-52-25] PHP Fatal error: Uncaught exception 'BadRequestException' with message 'Cannot load presenter 'Front:Auth', class 'Front_AuthPresenter' was not found in '/var/www/3dprojekce.fs.cvut.cz/app/FrontModule/presenters/AuthPresenter.php'.' in /var/www/3dprojekce.fs.cvut.cz/libs/Nette/Application/Application.php:142
[2010-09-30 16-52-28] PHP Notice: Undefined variable: menu in /var/www/3dprojekce.fs.cvut.cz/app/temp/c-Nette.Template/_FrontModule.templates._layout.phtml-2fb37c57908c02d24c700cdc6c5a589b.php:40
[2010-09-30 16-52-28] PHP Fatal error: Uncaught exception 'InvalidArgumentException' with message 'Invalid argument passed to foreach resp. SmartCachingIterator; array or Traversable expected, NULL given.' in /var/www/3dprojekce.fs.cvut.cz/libs/Nette/iterators/SmartCachingIterator.php:48
[2010-09-30 16-52-32] PHP Notice: Undefined variable: menu in /var/www/3dprojekce.fs.cvut.cz/app/temp/c-Nette.Template/_FrontModule.templates._layout.phtml-2fb37c57908c02d24c700cdc6c5a589b.php:40
[2010-09-30 16-52-32] PHP Fatal error: Uncaught exception 'InvalidArgumentException' with message 'Invalid argument passed to foreach resp. SmartCachingIterator; array or Traversable expected, NULL given.' in /var/www/3dprojekce.fs.cvut.cz/libs/Nette/iterators/SmartCachingIterator.php:48
[2010-09-30 16-52-38] PHP Notice: Undefined variable: menu in /var/www/3dprojekce.fs.cvut.cz/app/temp/c-Nette.Template/_FrontModule.templates._layout.phtml-2fb37c57908c02d24c700cdc6c5a589b.php:40
[2010-09-30 16-52-38] PHP Fatal error: Uncaught exception 'InvalidArgumentException' with message 'Invalid argument passed to foreach resp. SmartCachingIterator; array or Traversable expected, NULL given.' in /var/www/3dprojekce.fs.cvut.cz/libs/Nette/iterators/SmartCachingIterator.php:48
[2010-09-30 16-54-13] PHP Fatal error: Uncaught exception 'BadRequestException' with message 'Cannot load presenter 'Web', class 'WebPresenter' was not found in '/var/www/3dprojekce.fs.cvut.cz/app/presenters/WebPresenter.php'.' in /var/www/3dprojekce.fs.cvut.cz/libs/Nette/Application/Application.php:142
[2010-09-30 16-54-16] PHP Fatal error: Uncaught exception 'BadRequestException' with message 'Cannot load presenter 'Web', class 'WebPresenter' was not found in '/var/www/3dprojekce.fs.cvut.cz/app/presenters/WebPresenter.php'.' in /var/www/3dprojekce.fs.cvut.cz/libs/Nette/Application/Application.php:142
[2010-09-30 16-54-19] PHP Fatal error: Uncaught exception 'BadRequestException' with message 'Cannot load presenter 'Web', class 'WebPresenter' was not found in '/var/www/3dprojekce.fs.cvut.cz/app/presenters/WebPresenter.php'.' in /var/www/3dprojekce.fs.cvut.cz/libs/Nette/Application/Application.php:142
[2010-09-30 16-54-20] PHP Fatal error: Uncaught exception 'BadRequestException' with message 'Cannot load presenter 'Web', class 'WebPresenter' was not found in '/var/www/3dprojekce.fs.cvut.cz/app/presenters/WebPresenter.php'.' in /var/www/3dprojekce.fs.cvut.cz/libs/Nette/Application/Application.php:142
[2010-09-30 16-54-50] PHP Warning: User::getSignOutReason() is deprecated; use getLogoutReason() instead. in /var/www/3dprojekce.fs.cvut.cz/libs/Nette/Web/User.php:454
[2010-09-30 16-55-04] PHP Warning: User::getSignOutReason() is deprecated; use getLogoutReason() instead. in /var/www/3dprojekce.fs.cvut.cz/libs/Nette/Web/User.php:454
[2010-09-30 16-55-06] PHP Warning: User::authenticate() is deprecated; use login() instead. in /var/www/3dprojekce.fs.cvut.cz/libs/Nette/Web/User.php:436
[2010-09-30 16-55-06] PHP Notice: Undefined variable: title in /var/www/3dprojekce.fs.cvut.cz/app/temp/c-Nette.Template/_AdminModule.templates._layout.phtml-89c2ded1273242a36e1c37e327480641.php:92
[2010-09-30 16-55-10] PHP Warning: User::signOut() is deprecated; use logout() instead. in /var/www/3dprojekce.fs.cvut.cz/libs/Nette/Web/User.php:442
[2010-09-30 16-57-51] PHP Warning: User::getSignOutReason() is deprecated; use getLogoutReason() instead. in /var/www/3dprojekce.fs.cvut.cz/libs/Nette/Web/User.php:454
[2010-09-30 23-01-49] PHP Warning: User::getSignOutReason() is deprecated; use getLogoutReason() instead. in /var/www/3dprojekce.fs.cvut.cz/libs/Nette/Web/User.php:454
[2010-09-30 23-01-55] PHP Warning: User::getSignOutReason() is deprecated; use getLogoutReason() instead. in /var/www/3dprojekce.fs.cvut.cz/libs/Nette/Web/User.php:454
[2010-09-30 23-01-56] PHP Warning: User::authenticate() is deprecated; use login() instead. in /var/www/3dprojekce.fs.cvut.cz/libs/Nette/Web/User.php:436
[2010-09-30 23-01-56] PHP Notice: Undefined variable: title in /var/www/3dprojekce.fs.cvut.cz/app/temp/c-Nette.Template/_AdminModule.templates._layout.phtml-89c2ded1273242a36e1c37e327480641.php:92
[2010-10-01 16-21-53] PHP Warning: User::getSignOutReason() is deprecated; use getLogoutReason() instead. in /var/www/3dprojekce.fs.cvut.cz/libs/Nette/Web/User.php:454
[2010-10-01 16-22-01] PHP Warning: User::authenticate() is deprecated; use login() instead. in /var/www/3dprojekce.fs.cvut.cz/libs/Nette/Web/User.php:436
[2010-10-01 16-22-02] PHP Notice: Undefined variable: title in /var/www/3dprojekce.fs.cvut.cz/app/temp/c-Nette.Template/_AdminModule.templates._layout.phtml-89c2ded1273242a36e1c37e327480641.php:92
[2010-10-01 16-22-11] PHP Warning: User::signOut() is deprecated; use logout() instead. in /var/www/3dprojekce.fs.cvut.cz/libs/Nette/Web/User.php:442
[2010-10-03 22-51-50] PHP Warning: User::getSignOutReason() is deprecated; use getLogoutReason() instead. in /var/www/3dprojekce.fs.cvut.cz/libs/Nette/Web/User.php:454
[2010-10-03 22-51-52] PHP Warning: User::authenticate() is deprecated; use login() instead. in /var/www/3dprojekce.fs.cvut.cz/libs/Nette/Web/User.php:436
[2010-10-03 22-51-52] PHP Notice: Undefined variable: title in /var/www/3dprojekce.fs.cvut.cz/app/temp/c-Nette.Template/_AdminModule.templates._layout.phtml-89c2ded1273242a36e1c37e327480641.php:92
[2010-10-03 22-52-01] PHP Warning: User::signOut() is deprecated; use logout() instead. in /var/www/3dprojekce.fs.cvut.cz/libs/Nette/Web/User.php:442
[2010-10-08 09-32-06] PHP Warning: User::getSignOutReason() is deprecated; use getLogoutReason() instead. in /var/www/3dprojekce.fs.cvut.cz/libs/Nette/Web/User.php:454
[2010-10-09 16-02-52] PHP Warning: User::getSignOutReason() is deprecated; use getLogoutReason() instead. in /var/www/3dprojekce.fs.cvut.cz/libs/Nette/Web/User.php:454
[2010-10-09 16-02-53] PHP Warning: User::authenticate() is deprecated; use login() instead. in /var/www/3dprojekce.fs.cvut.cz/libs/Nette/Web/User.php:436
[2010-10-09 16-02-54] PHP Notice: Undefined variable: title in /var/www/3dprojekce.fs.cvut.cz/app/temp/c-Nette.Template/_AdminModule.templates._layout.phtml-89c2ded1273242a36e1c37e327480641.php:92
[2010-10-09 18-55-19] PHP Warning: User::getSignOutReason() is deprecated; use getLogoutReason() instead. in /var/www/3dprojekce.fs.cvut.cz/libs/Nette/Web/User.php:454
[2010-10-09 18-55-28] PHP Warning: User::authenticate() is deprecated; use login() instead. in /var/www/3dprojekce.fs.cvut.cz/libs/Nette/Web/User.php:436
[2010-10-09 18-55-28] PHP Notice: Undefined variable: title in /var/www/3dprojekce.fs.cvut.cz/app/temp/c-Nette.Template/_AdminModule.templates._layout.phtml-89c2ded1273242a36e1c37e327480641.php:92
[2010-10-09 18-55-32] PHP Notice: Undefined variable: title in /var/www/3dprojekce.fs.cvut.cz/app/temp/c-Nette.Template/_AdminModule.templates._layout.phtml-89c2ded1273242a36e1c37e327480641.php:92
[2010-10-09 18-56-33] PHP Notice: Undefined variable: title in /var/www/3dprojekce.fs.cvut.cz/app/temp/c-Nette.Template/_AdminModule.templates._layout.phtml-89c2ded1273242a36e1c37e327480641.php:92
[2010-10-10 18-02-37] PHP Warning: User::getSignOutReason() is deprecated; use getLogoutReason() instead. in /var/www/3dprojekce.fs.cvut.cz/libs/Nette/Web/User.php:454
[2010-10-10 18-02-40] PHP Warning: User::authenticate() is deprecated; use login() instead. in /var/www/3dprojekce.fs.cvut.cz/libs/Nette/Web/User.php:436
[2010-10-10 18-02-40] PHP Notice: Undefined variable: title in /var/www/3dprojekce.fs.cvut.cz/app/temp/c-Nette.Template/_AdminModule.templates._layout.phtml-89c2ded1273242a36e1c37e327480641.php:92
[2010-10-12 12-50-16] PHP Warning: User::getSignOutReason() is deprecated; use getLogoutReason() instead. in /var/www/3dprojekce.fs.cvut.cz/libs/Nette/Web/User.php:454
[2010-10-12 12-50-37] PHP Warning: User::authenticate() is deprecated; use login() instead. in /var/www/3dprojekce.fs.cvut.cz/libs/Nette/Web/User.php:436
[2010-10-12 12-50-37] PHP Notice: Undefined variable: title in /var/www/3dprojekce.fs.cvut.cz/app/temp/c-Nette.Template/_AdminModule.templates._layout.phtml-89c2ded1273242a36e1c37e327480641.php:92
[2010-10-12 13-12-37] PHP Notice: Undefined variable: title in /var/www/3dprojekce.fs.cvut.cz/app/temp/c-Nette.Template/_AdminModule.templates._layout.phtml-89c2ded1273242a36e1c37e327480641.php:92
[2010-10-14 12-40-33] PHP Warning: User::getSignOutReason() is deprecated; use getLogoutReason() instead. in /var/www/3dprojekce.fs.cvut.cz/libs/Nette/Web/User.php:454
[2010-10-14 12-40-35] PHP Warning: User::authenticate() is deprecated; use login() instead. in /var/www/3dprojekce.fs.cvut.cz/libs/Nette/Web/User.php:436
[2010-10-14 12-40-36] PHP Notice: Undefined variable: title in /var/www/3dprojekce.fs.cvut.cz/app/temp/c-Nette.Template/_AdminModule.templates._layout.phtml-89c2ded1273242a36e1c37e327480641.php:92
[2010-10-14 13-04-45] PHP Notice: Undefined variable: title in /var/www/3dprojekce.fs.cvut.cz/app/temp/c-Nette.Template/_AdminModule.templates._layout.phtml-89c2ded1273242a36e1c37e327480641.php:96
[2010-10-14 13-07-10] PHP Notice: Undefined variable: title in /var/www/3dprojekce.fs.cvut.cz/app/temp/c-Nette.Template/_AdminModule.templates._layout.phtml-89c2ded1273242a36e1c37e327480641.php:96
[2010-10-15 13-00-15] PHP Warning: User::getSignOutReason() is deprecated; use getLogoutReason() instead. in /var/www/3dprojekce.fs.cvut.cz/libs/Nette/Web/User.php:454
[2010-10-15 13-00-17] PHP Warning: User::authenticate() is deprecated; use login() instead. in /var/www/3dprojekce.fs.cvut.cz/libs/Nette/Web/User.php:436
[2010-10-15 13-00-17] PHP Notice: Undefined variable: title in /var/www/3dprojekce.fs.cvut.cz/app/temp/c-Nette.Template/_AdminModule.templates._layout.phtml-89c2ded1273242a36e1c37e327480641.php:96
[2010-10-19 10-44-28] PHP Warning: User::getSignOutReason() is deprecated; use getLogoutReason() instead. in /var/www/3dprojekce.fs.cvut.cz/libs/Nette/Web/User.php:454
[2010-10-19 10-44-30] PHP Warning: User::authenticate() is deprecated; use login() instead. in /var/www/3dprojekce.fs.cvut.cz/libs/Nette/Web/User.php:436
[2010-10-19 10-44-30] PHP Notice: Undefined variable: title in /var/www/3dprojekce.fs.cvut.cz/app/temp/c-Nette.Template/_AdminModule.templates._layout.phtml-89c2ded1273242a36e1c37e327480641.php:96
[2010-10-19 10-44-34] PHP Fatal error: Uncaught exception 'InvalidStateException' with message 'Resource 'Admin_DocsPresenter' does not exist.' in /var/www/3dprojekce.fs.cvut.cz/libs/Nette/Security/Permission.php:318
[2010-10-19 10-44-41] PHP Fatal error: Uncaught exception 'InvalidStateException' with message 'Resource 'Admin_DocsPresenter' does not exist.' in /var/www/3dprojekce.fs.cvut.cz/libs/Nette/Security/Permission.php:318
[2010-10-19 10-44-46] PHP Notice: Undefined variable: title in /var/www/3dprojekce.fs.cvut.cz/app/temp/c-Nette.Template/_AdminModule.templates._layout.phtml-89c2ded1273242a36e1c37e327480641.php:96
[2010-10-19 10-44-47] PHP Fatal error: Uncaught exception 'InvalidStateException' with message 'Resource 'Admin_DocsPresenter' does not exist.' in /var/www/3dprojekce.fs.cvut.cz/libs/Nette/Security/Permission.php:318
[2010-10-19 10-44-49] PHP Notice: Undefined variable: title in /var/www/3dprojekce.fs.cvut.cz/app/temp/c-Nette.Template/_AdminModule.templates._layout.phtml-89c2ded1273242a36e1c37e327480641.php:96
[2010-10-19 10-44-52] PHP Notice: Undefined variable: title in /var/www/3dprojekce.fs.cvut.cz/app/temp/c-Nette.Template/_AdminModule.templates._layout.phtml-89c2ded1273242a36e1c37e327480641.php:96
[2010-10-19 10-44-53] PHP Fatal error: Uncaught exception 'InvalidStateException' with message 'Resource 'Admin_DocsPresenter' does not exist.' in /var/www/3dprojekce.fs.cvut.cz/libs/Nette/Security/Permission.php:318
[2010-10-19 10-44-55] PHP Notice: Undefined variable: title in /var/www/3dprojekce.fs.cvut.cz/app/temp/c-Nette.Template/_AdminModule.templates._layout.phtml-89c2ded1273242a36e1c37e327480641.php:96
[2010-10-19 10-45-03] PHP Fatal error: Uncaught exception 'InvalidStateException' with message 'Resource 'Admin_DocsPresenter' does not exist.' in /var/www/3dprojekce.fs.cvut.cz/libs/Nette/Security/Permission.php:318
[2010-10-19 10-45-04] PHP Fatal error: Uncaught exception 'InvalidStateException' with message 'Resource 'Admin_DocsPresenter' does not exist.' in /var/www/3dprojekce.fs.cvut.cz/libs/Nette/Security/Permission.php:318
[2010-10-19 10-45-07] PHP Notice: Undefined variable: title in /var/www/3dprojekce.fs.cvut.cz/app/temp/c-Nette.Template/_AdminModule.templates._layout.phtml-89c2ded1273242a36e1c37e327480641.php:96
[2010-10-19 10-45-09] PHP Fatal error: Uncaught exception 'InvalidStateException' with message 'Resource 'Admin_DocsPresenter' does not exist.' in /var/www/3dprojekce.fs.cvut.cz/libs/Nette/Security/Permission.php:318
[2010-10-19 10-45-10] PHP Fatal error: Uncaught exception 'InvalidStateException' with message 'Resource 'Admin_DocsPresenter' does not exist.' in /var/www/3dprojekce.fs.cvut.cz/libs/Nette/Security/Permission.php:318
[2010-10-19 10-45-41] PHP Fatal error: Uncaught exception 'InvalidStateException' with message 'Resource 'Admin_DocsPresenter' does not exist.' in /var/www/3dprojekce.fs.cvut.cz/libs/Nette/Security/Permission.php:318
[2010-10-19 10-45-43] PHP Notice: Undefined variable: title in /var/www/3dprojekce.fs.cvut.cz/app/temp/c-Nette.Template/_AdminModule.templates._layout.phtml-89c2ded1273242a36e1c37e327480641.php:96
[2010-10-19 10-45-50] PHP Fatal error: Uncaught exception 'InvalidStateException' with message 'Resource 'Admin_DocsPresenter' does not exist.' in /var/www/3dprojekce.fs.cvut.cz/libs/Nette/Security/Permission.php:318
[2010-10-19 10-46-30] PHP Notice: Undefined variable: title in /var/www/3dprojekce.fs.cvut.cz/app/temp/c-Nette.Template/_AdminModule.templates._layout.phtml-89c2ded1273242a36e1c37e327480641.php:96
[2010-10-19 10-46-32] PHP Fatal error: Uncaught exception 'InvalidStateException' with message 'Resource 'Admin_DocsPresenter' does not exist.' in /var/www/3dprojekce.fs.cvut.cz/libs/Nette/Security/Permission.php:318
[2010-10-19 10-46-39] PHP Fatal error: Uncaught exception 'InvalidStateException' with message 'Resource 'Admin_DocsPresenter' does not exist.' in /var/www/3dprojekce.fs.cvut.cz/libs/Nette/Security/Permission.php:318
[2010-10-19 10-46-44] PHP Notice: Undefined variable: title in /var/www/3dprojekce.fs.cvut.cz/app/temp/c-Nette.Template/_AdminModule.templates._layout.phtml-89c2ded1273242a36e1c37e327480641.php:96
[2010-10-19 10-48-00] PHP Fatal error: Uncaught exception 'InvalidStateException' with message 'Resource 'Admin_DocsPresenter' does not exist.' in /var/www/3dprojekce.fs.cvut.cz/libs/Nette/Security/Permission.php:318
[2010-10-19 10-48-01] PHP Fatal error: Uncaught exception 'InvalidStateException' with message 'Resource 'Admin_DocsPresenter' does not exist.' in /var/www/3dprojekce.fs.cvut.cz/libs/Nette/Security/Permission.php:318
[2010-10-19 10-48-01] PHP Fatal error: Uncaught exception 'InvalidStateException' with message 'Resource 'Admin_DocsPresenter' does not exist.' in /var/www/3dprojekce.fs.cvut.cz/libs/Nette/Security/Permission.php:318
[2010-10-19 10-48-02] PHP Fatal error: Uncaught exception 'InvalidStateException' with message 'Resource 'Admin_DocsPresenter' does not exist.' in /var/www/3dprojekce.fs.cvut.cz/libs/Nette/Security/Permission.php:318
[2010-10-19 10-48-02] PHP Fatal error: Uncaught exception 'InvalidStateException' with message 'Resource 'Admin_DocsPresenter' does not exist.' in /var/www/3dprojekce.fs.cvut.cz/libs/Nette/Security/Permission.php:318
[2010-10-19 10-48-02] PHP Fatal error: Uncaught exception 'InvalidStateException' with message 'Resource 'Admin_DocsPresenter' does not exist.' in /var/www/3dprojekce.fs.cvut.cz/libs/Nette/Security/Permission.php:318
[2010-10-19 10-48-02] PHP Fatal error: Uncaught exception 'InvalidStateException' with message 'Resource 'Admin_DocsPresenter' does not exist.' in /var/www/3dprojekce.fs.cvut.cz/libs/Nette/Security/Permission.php:318
[2010-10-20 09-33-17] PHP Warning: User::getSignOutReason() is deprecated; use getLogoutReason() instead. in /var/www/3dprojekce.fs.cvut.cz/libs/Nette/Web/User.php:454
[2010-10-20 09-33-19] PHP Warning: User::authenticate() is deprecated; use login() instead. in /var/www/3dprojekce.fs.cvut.cz/libs/Nette/Web/User.php:436
[2010-10-20 09-33-19] PHP Notice: Undefined variable: title in /var/www/3dprojekce.fs.cvut.cz/app/temp/c-Nette.Template/_AdminModule.templates._layout.phtml-89c2ded1273242a36e1c37e327480641.php:96
[2010-10-22 22-42-00] PHP Notice: Undefined variable: menu in /var/www/3dprojekce.fs.cvut.cz/app/temp/c-Nette.Template/_FrontModule.templates._layout.phtml-2fb37c57908c02d24c700cdc6c5a589b.php:40
[2010-10-22 22-42-00] PHP Fatal error: Uncaught exception 'InvalidArgumentException' with message 'Invalid argument passed to foreach resp. SmartCachingIterator; array or Traversable expected, NULL given.' in /var/www/3dprojekce.fs.cvut.cz/libs/Nette/iterators/SmartCachingIterator.php:48
[2010-10-25 20-05-07] PHP Notice: Undefined variable: menu in /var/www/3dprojekce.fs.cvut.cz/app/temp/c-Nette.Template/_FrontModule.templates._layout.phtml-2fb37c57908c02d24c700cdc6c5a589b.php:40
[2010-10-25 20-05-07] PHP Fatal error: Uncaught exception 'InvalidArgumentException' with message 'Invalid argument passed to foreach resp. SmartCachingIterator; array or Traversable expected, NULL given.' in /var/www/3dprojekce.fs.cvut.cz/libs/Nette/iterators/SmartCachingIterator.php:48
[2010-11-28 18-19-32] PHP Warning: User::getSignOutReason() is deprecated; use getLogoutReason() instead. in /home/www/mysoftware.cz/www/mysoftware.cz/libs/Nette/Web/User.php:454
[2010-11-28 18-19-39] PHP Warning: User::authenticate() is deprecated; use login() instead. in /home/www/mysoftware.cz/www/mysoftware.cz/libs/Nette/Web/User.php:436
[2010-11-28 18-19-39] PHP Notice: Undefined variable: title in /home/www/mysoftware.cz/www/mysoftware.cz/app/temp/c-Nette.Template/_AdminModule.templates._layout.phtml-3740b58dd007fc503b7f152b556705b6.php:173
[2010-11-28 19-23-09] PHP Warning: User::getSignOutReason() is deprecated; use getLogoutReason() instead. in /home/www/mysoftware.cz/www/mysoftware.cz/libs/Nette/Web/User.php:454
[2010-11-28 19-23-20] PHP Warning: User::authenticate() is deprecated; use login() instead. in /home/www/mysoftware.cz/www/mysoftware.cz/libs/Nette/Web/User.php:436
[2010-11-28 19-23-20] PHP Notice: Undefined variable: title in /home/www/mysoftware.cz/www/mysoftware.cz/app/temp/c-Nette.Template/_AdminModule.templates._layout.phtml-3740b58dd007fc503b7f152b556705b6.php:173
[2010-11-28 19-24-19] PHP Notice: Undefined variable: title in /home/www/mysoftware.cz/www/mysoftware.cz/app/temp/c-Nette.Template/_AdminModule.templates._layout.phtml-3740b58dd007fc503b7f152b556705b6.php:173
[2010-11-28 20-07-45] PHP Notice: Undefined variable: title in /home/www/mysoftware.cz/www/mysoftware.cz/app/temp/c-Nette.Template/_AdminModule.templates._layout.phtml-3740b58dd007fc503b7f152b556705b6.php:173
[2010-11-28 21-02-26] PHP Notice: Undefined variable: title in /home/www/mysoftware.cz/www/mysoftware.cz/app/temp/c-Nette.Template/_AdminModule.templates._layout.phtml-3740b58dd007fc503b7f152b556705b6.php:173
[2010-12-07 14-05-36] PHP Warning: User::getSignOutReason() is deprecated; use getLogoutReason() instead. in /home/www/mysoftware.cz/www/mysoftware.cz/libs/Nette/Web/User.php:454
[2010-12-26 17-44-51] PHP Warning: User::getSignOutReason() is deprecated; use getLogoutReason() instead. in /home/www/mysoftware.cz/www/mysoftware.cz/libs/Nette/Web/User.php:454
[2011-01-09 21-37-53] PHP Warning: User::getSignOutReason() is deprecated; use getLogoutReason() instead. in /home/www/mysoftware.cz/www/mysoftware.cz/libs/Nette/Web/User.php:454
[2011-01-13 18-22-49] PHP Warning: User::getSignOutReason() is deprecated; use getLogoutReason() instead. in /home/www/mysoftware.cz/www/mysoftware.cz/libs/Nette/Web/User.php:454
[2011-01-19 17-18-04] PHP Warning: User::getSignOutReason() is deprecated; use getLogoutReason() instead. in /home/www/mysoftware.cz/www/mysoftware.cz/libs/Nette/Web/User.php:454
[2011-01-23 11-41-01] PHP Warning: User::getSignOutReason() is deprecated; use getLogoutReason() instead. in /home/www/mysoftware.cz/www/mysoftware.cz/libs/Nette/Web/User.php:454
[2011-02-02 19-53-36] PHP Warning: User::getSignOutReason() is deprecated; use getLogoutReason() instead. in /home/www/mysoftware.cz/www/mysoftware.cz/libs/Nette/Web/User.php:454
[2011-02-02 19-53-43] PHP Warning: User::authenticate() is deprecated; use login() instead. in /home/www/mysoftware.cz/www/mysoftware.cz/libs/Nette/Web/User.php:436
[2011-02-02 19-53-43] PHP Notice: Undefined variable: title in /home/www/mysoftware.cz/www/mysoftware.cz/app/temp/c-Nette.Template/_AdminModule.templates._layout.phtml-3740b58dd007fc503b7f152b556705b6.php:173
[2011-02-05 19-02-12] PHP Warning: User::getSignOutReason() is deprecated; use getLogoutReason() instead. in /home/www/mysoftware.cz/www/mysoftware.cz/libs/Nette/Web/User.php:454
[2011-03-31 12-50-22] PHP Warning: User::getSignOutReason() is deprecated; use getLogoutReason() instead. in /home/www/mysoftware.cz/www/mysoftware.cz/libs/Nette/Web/User.php:454
[2011-04-05 08-47-37] PHP Warning: User::getSignOutReason() is deprecated; use getLogoutReason() instead. in /home/www/mysoftware.cz/www/mysoftware.cz/libs/Nette/Web/User.php:454
[2011-04-14 12-31-47] PHP Warning: User::getSignOutReason() is deprecated; use getLogoutReason() instead. in /home/www/mysoftware.cz/www/mysoftware.cz/libs/Nette/Web/User.php:454
[2011-05-27 09-27-00] PHP Warning: User::getSignOutReason() is deprecated; use getLogoutReason() instead. in /home/www/mysoftware.cz/www/mysoftware.cz/libs/Nette/Web/User.php:454
[2011-05-27 09-27-09] PHP Warning: User::authenticate() is deprecated; use login() instead. in /home/www/mysoftware.cz/www/mysoftware.cz/libs/Nette/Web/User.php:436
[2011-05-27 09-27-11] PHP Warning: User::authenticate() is deprecated; use login() instead. in /home/www/mysoftware.cz/www/mysoftware.cz/libs/Nette/Web/User.php:436
[2011-05-27 09-27-11] PHP Notice: Undefined variable: title in /home/www/mysoftware.cz/www/mysoftware.cz/app/temp/c-Nette.Template/_AdminModule.templates._layout.phtml-3740b58dd007fc503b7f152b556705b6.php:173
[2011-07-03 05-08-09] PHP Warning: User::getSignOutReason() is deprecated; use getLogoutReason() instead. in /home/www/mysoftware.cz/www/mysoftware.cz/libs/Nette/Web/User.php:454
[2011-07-08 05-52-44] PHP Warning: User::getSignOutReason() is deprecated; use getLogoutReason() instead. in /home/www/mysoftware.cz/www/mysoftware.cz/libs/Nette/Web/User.php:454
[2011-07-08 05-52-44] PHP Warning: User::getSignOutReason() is deprecated; use getLogoutReason() instead. in /home/www/mysoftware.cz/www/mysoftware.cz/libs/Nette/Web/User.php:454
[2011-07-10 03-40-18] PHP Warning: User::getSignOutReason() is deprecated; use getLogoutReason() instead. in /home/www/mysoftware.cz/www/mysoftware.cz/libs/Nette/Web/User.php:454
[2011-07-10 03-40-28] PHP Warning: User::getSignOutReason() is deprecated; use getLogoutReason() instead. in /home/www/mysoftware.cz/www/mysoftware.cz/libs/Nette/Web/User.php:454
[2011-07-10 03-51-18] PHP Warning: User::getSignOutReason() is deprecated; use getLogoutReason() instead. in /home/www/mysoftware.cz/www/mysoftware.cz/libs/Nette/Web/User.php:454
[2011-07-10 03-51-19] PHP Warning: User::getSignOutReason() is deprecated; use getLogoutReason() instead. in /home/www/mysoftware.cz/www/mysoftware.cz/libs/Nette/Web/User.php:454
[2011-07-11 23-17-23] PHP Warning: User::getSignOutReason() is deprecated; use getLogoutReason() instead. in /home/www/mysoftware.cz/www/mysoftware.cz/libs/Nette/Web/User.php:454
[2011-07-11 23-17-24] PHP Warning: User::getSignOutReason() is deprecated; use getLogoutReason() instead. in /home/www/mysoftware.cz/www/mysoftware.cz/libs/Nette/Web/User.php:454
[2011-08-19 00-54-52] PHP Warning: User::getSignOutReason() is deprecated; use getLogoutReason() instead. in /home/www/mysoftware.cz/www/mysoftware.cz/libs/Nette/Web/User.php:454
[2011-08-21 15-18-47] PHP Warning: User::getSignOutReason() is deprecated; use getLogoutReason() instead. in /home/www/mysoftware.cz/www/mysoftware.cz/libs/Nette/Web/User.php:454
[2011-08-21 15-18-49] PHP Warning: User::authenticate() is deprecated; use login() instead. in /home/www/mysoftware.cz/www/mysoftware.cz/libs/Nette/Web/User.php:436
[2011-08-21 15-18-49] PHP Notice: Undefined variable: title in /home/www/mysoftware.cz/www/mysoftware.cz/app/temp/c-Nette.Template/_AdminModule.templates._layout.phtml-3740b58dd007fc503b7f152b556705b6.php:173
